\BOOKMARK [0][-]{chapter.1}{\376\377\000I\000n\000t\000r\000o\000d\000u\000c\000t\000i\000o\000n\000\040\000\046\000\040\000B\000a\000c\000k\000g\000r\000o\000u\000n\000d}{}% 1
\BOOKMARK [1][-]{section.1.1}{\376\377\000I\000n\000t\000r\000o\000d\000u\000c\000t\000i\000o\000n}{chapter.1}% 2
\BOOKMARK [1][-]{section.1.2}{\376\377\000B\000a\000c\000k\000g\000r\000o\000u\000n\000d}{chapter.1}% 3
\BOOKMARK [2][-]{subsection.1.2.1}{\376\377\000M\000A\000P\000F}{section.1.2}% 4
\BOOKMARK [2][-]{subsection.1.2.2}{\376\377\000A\000S\000P}{section.1.2}% 5
\BOOKMARK [2][-]{subsection.1.2.3}{\376\377\000S\000o\000l\000v\000i\000n\000g\000\040\000M\000A\000P\000F\000\040\000w\000i\000t\000h\000\040\000A\000S\000P}{section.1.2}% 6
\BOOKMARK [1][-]{section.1.3}{\376\377\000O\000v\000e\000r\000v\000i\000e\000w}{chapter.1}% 7
\BOOKMARK [0][-]{chapter.2}{\376\377\000I\000n\000d\000i\000v\000i\000d\000u\000a\000l\000\040\000P\000a\000t\000h\000\040\000F\000i\000n\000d\000i\000n\000g}{}% 8
\BOOKMARK [1][-]{section.2.1}{\376\377\000F\000o\000r\000m\000a\000l\000i\000z\000a\000t\000i\000o\000n}{chapter.2}% 9
\BOOKMARK [2][-]{subsection.2.1.1}{\376\377\000D\000i\000v\000e\000r\000s\000i\000t\000y\000\040\000a\000n\000d\000\040\000D\000i\000s\000t\000a\000n\000c\000e}{section.2.1}% 10
\BOOKMARK [1][-]{section.2.2}{\376\377\000C\000o\000m\000p\000u\000t\000a\000t\000i\000o\000n}{chapter.2}% 11
\BOOKMARK [2][-]{subsection.2.2.1}{\376\377\000N\000a\000i\000v\000e\000\040\000I\000P\000F\000\040\000C\000o\000m\000p\000u\000t\000a\000t\000i\000o\000n}{section.2.2}% 12
\BOOKMARK [2][-]{subsection.2.2.2}{\376\377\000B\000a\000s\000e\000\040\000I\000P\000F\000\040\000c\000o\000m\000p\000u\000t\000a\000t\000i\000o\000n}{section.2.2}% 13
\BOOKMARK [2][-]{subsection.2.2.3}{\376\377\000F\000i\000l\000t\000e\000r\000s}{section.2.2}% 14
\BOOKMARK [0][-]{chapter.3}{\376\377\000P\000a\000t\000h\000\040\000S\000e\000l\000e\000c\000t\000i\000o\000n}{}% 15
\BOOKMARK [1][-]{section.3.1}{\376\377\000H\000e\000a\000t\000m\000a\000p}{chapter.3}% 16
\BOOKMARK [1][-]{section.3.2}{\376\377\000P\000a\000t\000h\000\040\000E\000l\000i\000m\000i\000n\000a\000t\000i\000o\000n}{chapter.3}% 17
\BOOKMARK [2][-]{subsection.3.2.1}{\376\377\000U\000s\000i\000n\000g\000\040\000G\000l\000o\000b\000a\000l\000\040\000H\000e\000a\000t\000m\000a\000p}{section.3.2}% 18
\BOOKMARK [2][-]{subsection.3.2.2}{\376\377\000U\000s\000i\000n\000g\000\040\000c\000o\000n\000f\000l\000i\000c\000t\000s}{section.3.2}% 19
\BOOKMARK [1][-]{section.3.3}{\376\377\000P\000a\000t\000h\000\040\000S\000e\000l\000e\000c\000t\000i\000o\000n}{chapter.3}% 20
\BOOKMARK [2][-]{subsection.3.3.1}{\376\377\000T\000o\000w\000a\000r\000d\000s\000\040\000a\000\040\000\050\000p\000a\000r\000t\000i\000a\000l\000\051\000\040\000p\000l\000a\000n}{section.3.3}% 21
\BOOKMARK [2][-]{subsection.3.3.2}{\376\377\000T\000o\000w\000a\000r\000d\000s\000\040\000a\000\040\000s\000u\000b\000g\000r\000a\000p\000h}{section.3.3}% 22
\BOOKMARK [2][-]{subsection.3.3.3}{\376\377\000E\000v\000a\000l\000u\000a\000t\000i\000n\000g\000\040\000a\000p\000p\000r\000o\000a\000c\000h\000e\000s}{section.3.3}% 23
\BOOKMARK [0][-]{chapter.4}{\376\377\000\050\000P\000a\000r\000t\000i\000a\000l\000\051\000\040\000S\000o\000l\000v\000i\000n\000g}{}% 24
\BOOKMARK [1][-]{section.4.1}{\376\377\000P\000r\000e\000-\000c\000o\000m\000p\000u\000t\000e\000d\000\040\000p\000a\000t\000h\000s}{chapter.4}% 25
\BOOKMARK [1][-]{section.4.2}{\376\377\000S\000u\000b\000g\000r\000a\000p\000h}{chapter.4}% 26
\BOOKMARK [2][-]{subsection.4.2.1}{\376\377\000S\000u\000b\000g\000r\000a\000p\000h\000s\000\040\000E\000x\000t\000e\000n\000s\000i\000o\000n\000\040\000S\000t\000r\000a\000t\000e\000g\000i\000e\000s}{section.4.2}% 27
\BOOKMARK [0][-]{chapter.5}{\376\377\000B\000e\000n\000c\000h\000m\000a\000r\000k\000s\000\040\000\046\000\040\000C\000o\000n\000c\000l\000u\000s\000i\000o\000n}{}% 28
\BOOKMARK [1][-]{section.5.1}{\376\377\000B\000e\000n\000c\000h\000m\000a\000r\000k\000s}{chapter.5}% 29
\BOOKMARK [2][-]{subsection.5.1.1}{\376\377\000G\000l\000o\000b\000a\000l\000\040\000r\000e\000s\000u\000l\000t}{section.5.1}% 30
\BOOKMARK [1][-]{section.5.2}{\376\377\000C\000o\000n\000c\000l\000u\000s\000i\000o\000n}{chapter.5}% 31
